#
# A fatal error has been detected by the Java Runtime Environment:
#
#  EXCEPTION_ACCESS_VIOLATION (0xc0000005) at pc=0x00000000695c802f, pid=18724, tid=0x000000000000495c
#
# JRE version: OpenJDK Runtime Environment (8.0_242-b01) (build 1.8.0_242-release-1644-b01)
# Java VM: OpenJDK 64-Bit Server VM (25.242-b01 mixed mode windows-amd64 compressed oops)
# Problematic frame:
# V  [jvm.dll+0x4c802f]
#
# Failed to write core dump. Minidumps are not enabled by default on client versions of Windows
#
# If you would like to submit a bug report, please visit:
#   
#

---------------  T H R E A D  ---------------

Current thread (0x000000001764c000):  JavaThread "C2 CompilerThread1" daemon [_thread_in_native, id=18780, stack(0x0000000019e10000,0x0000000019f10000)]

siginfo: ExceptionCode=0xc0000005, reading address 0x0000000000037c90

Registers:
RAX=0x0000000000000008, RBX=0x0000000034c34ff8, RCX=0x0000000000000007, RDX=0x0000000000000008
RSP=0x0000000019f0c450, RBP=0x0000000034c34ff8, RSI=0x0000000000000008, RDI=0x000000001ef94250
R8 =0x0000000000037c08, R9 =0x0000000000000003, R10=0x000000001ef94280, R11=0x0000000000000000
R12=0x0000000000000000, R13=0x000000002d0347b0, R14=0x0000000000000001, R15=0x0000000019f0c7f0
RIP=0x00000000695c802f, EFLAGS=0x0000000000010246

Top of Stack: (sp=0x0000000019f0c450)
0x0000000019f0c450:   0000000000000000 000000001ef93e98
0x0000000019f0c460:   0000000031bd49e0 000000001ec56038
0x0000000019f0c470:   000000001ef94250 00000000695c8bd5
0x0000000019f0c480:   000000001ef94250 0000000069522747
0x0000000019f0c490:   0000000034c34ff8 0000000019f0c508
0x0000000019f0c4a0:   fffffffffffffff8 000000001ec55b40
0x0000000019f0c4b0:   0000000034c34ff8 00000000695b97a7
0x0000000019f0c4c0:   0000000019f0ea70 0000000019f0c508
0x0000000019f0c4d0:   fffffffffffffff8 0000000000000006
0x0000000019f0c4e0:   000000003929c1b0 0000000039330190
0x0000000019f0c4f0:   0000000039299f90 000000001764a060
0x0000000019f0c500:   0000000000000001 0000000019f0ec38
0x0000000019f0c510:   0000000000000020 0000000000002588
0x0000000019f0c520:   0000000019f0c580 00000000695b9e7d
0x0000000019f0c530:   0000000019f0ea70 0000000019f0c7f0
0x0000000019f0c540:   0000000019f0c7f0 0000000000000000 

Instructions: (pc=0x00000000695c802f)
0x00000000695c800f:   57 48 83 ec 30 48 8b e9 8b 0d fb f7 2a 00 8b f2
0x00000000695c801f:   ff 15 7b 73 0e 00 4c 8b 80 b8 03 00 00 8b 45 24
0x00000000695c802f:   49 8b b8 88 00 00 00 8b d8 48 81 c7 98 01 00 00
0x00000000695c803f:   85 c0 75 45 c7 45 24 04 00 00 00 48 83 7f 18 df 


Register to memory mapping:

RAX=0x0000000000000008 is an unknown value
RBX=0x0000000034c34ff8 is an unknown value
RCX=0x0000000000000007 is an unknown value
RDX=0x0000000000000008 is an unknown value
RSP=0x0000000019f0c450 is pointing into the stack for thread: 0x000000001764c000
RBP=0x0000000034c34ff8 is an unknown value
RSI=0x0000000000000008 is an unknown value
RDI=0x000000001ef94250 is an unknown value
R8 =0x0000000000037c08 is an unknown value
R9 =0x0000000000000003 is an unknown value
R10=0x000000001ef94280 is an unknown value
R11=0x0000000000000000 is an unknown value
R12=0x0000000000000000 is an unknown value
R13=0x000000002d0347b0 is an unknown value
R14=0x0000000000000001 is an unknown value
R15=0x0000000019f0c7f0 is pointing into the stack for thread: 0x000000001764c000


Stack: [0x0000000019e10000,0x0000000019f10000],  sp=0x0000000019f0c450,  free space=1009k
Native frames: (J=compiled Java code, j=interpreted, Vv=VM code, C=native code)
V  [jvm.dll+0x4c802f]
V  [jvm.dll+0x422747]
V  [jvm.dll+0x4b97a7]
V  [jvm.dll+0x4b9e7d]
V  [jvm.dll+0x4454c1]
V  [jvm.dll+0x447fa8]
V  [jvm.dll+0x42b072]
V  [jvm.dll+0x8230f]
V  [jvm.dll+0x82c7f]
V  [jvm.dll+0x220b7f]
V  [jvm.dll+0x27276a]
C  [msvcr100.dll+0x21d9f]
C  [msvcr100.dll+0x21e3b]
C  [KERNEL32.DLL+0x17c24]
C  [ntdll.dll+0x6d721]


Current CompileTask:
C2:29905165 59866       4       org.antlr.v4.runtime.atn.ParserATNSimulator::closureCheckingStopState (244 bytes)


---------------  P R O C E S S  ---------------

Java Threads: ( => current thread )
  0x000000002d164000 JavaThread "WorkerExecutor Queue" [_thread_in_vm, id=15740, stack(0x0000000040500000,0x0000000040600000)]
  0x000000002d15c800 JavaThread "RMI TCP Connection(247)-127.0.0.1" daemon [_thread_in_native, id=13756, stack(0x0000000043dd0000,0x0000000043ed0000)]
  0x000000002d15e000 JavaThread "RMI TCP Connection(246)-127.0.0.1" daemon [_thread_in_native, id=14796, stack(0x0000000043ad0000,0x0000000043bd0000)]
  0x000000002d15d000 JavaThread "Cache worker for execution history cache (D:\Pockket App\Android App\PockketApp\.gradle\6.5\executionHistory)" [_thread_blocked, id=11164, stack(0x0000000036a10000,0x0000000036b10000)]
  0x000000002d160000 JavaThread "Execution worker for ':' Thread 7" [_thread_blocked, id=20324, stack(0x0000000036710000,0x0000000036810000)]
  0x000000002d15e800 JavaThread "Execution worker for ':' Thread 6" [_thread_blocked, id=19828, stack(0x0000000033a00000,0x0000000033b00000)]
  0x000000002d162800 JavaThread "Execution worker for ':' Thread 5" [_thread_blocked, id=5304, stack(0x0000000032f60000,0x0000000033060000)]
  0x000000002d15b800 JavaThread "Execution worker for ':' Thread 4" [_thread_blocked, id=19708, stack(0x00000000319b0000,0x0000000031ab0000)]
  0x000000002d15a000 JavaThread "Execution worker for ':' Thread 3" [_thread_blocked, id=15140, stack(0x00000000311d0000,0x00000000312d0000)]
  0x000000002d159800 JavaThread "Execution worker for ':' Thread 2" [_thread_blocked, id=5260, stack(0x00000000304d0000,0x00000000305d0000)]
  0x000000001c0ca000 JavaThread "Execution worker for ':'" [_thread_blocked, id=7444, stack(0x000000002f4d0000,0x000000002f5d0000)]
  0x000000001c0c9800 JavaThread "Cache worker for file content cache (D:\Pockket App\Android App\PockketApp\.gradle\6.5\fileContent)" [_thread_blocked, id=20472, stack(0x000000002eed0000,0x000000002efd0000)]
  0x000000001c0d0000 JavaThread "Cache worker for Build Output Cleanup Cache (D:\Pockket App\Android App\PockketApp\.gradle\buildOutputCleanup)" [_thread_blocked, id=20212, stack(0x000000002e9d0000,0x000000002ead0000)]
  0x000000001c0cf800 JavaThread "jar transforms Thread 4998" [_thread_blocked, id=2292, stack(0x000000002b0f0000,0x000000002b1f0000)]
  0x000000001c0ce000 JavaThread "jar transforms Thread 4997" [_thread_blocked, id=20260, stack(0x000000002aa00000,0x000000002ab00000)]
  0x000000001c0cc800 JavaThread "jar transforms Thread 4996" [_thread_blocked, id=1652, stack(0x000000002a900000,0x000000002aa00000)]
  0x000000001c0cb000 JavaThread "jar transforms Thread 4995" [_thread_blocked, id=10296, stack(0x000000002a800000,0x000000002a900000)]
  0x000000001c0c2000 JavaThread "jar transforms Thread 4994" [_thread_blocked, id=11200, stack(0x000000002a700000,0x000000002a800000)]
  0x000000001c0c8000 JavaThread "jar transforms Thread 4993" [_thread_blocked, id=1820, stack(0x000000002a600000,0x000000002a700000)]
  0x000000001c0c7000 JavaThread "jar transforms Thread 4992" [_thread_blocked, id=18388, stack(0x000000002a500000,0x000000002a600000)]
  0x000000001c0c8800 JavaThread "jar transforms Thread 4991" [_thread_blocked, id=14920, stack(0x000000002a400000,0x000000002a500000)]
  0x000000001c0c6800 JavaThread "jar transforms Thread 4990" [_thread_blocked, id=3256, stack(0x000000002a300000,0x000000002a400000)]
  0x000000001c0c5800 JavaThread "jar transforms Thread 4989" [_thread_blocked, id=10152, stack(0x000000002a200000,0x000000002a300000)]
  0x000000001c0c5000 JavaThread "jar transforms Thread 4988" [_thread_blocked, id=10464, stack(0x000000002a100000,0x000000002a200000)]
  0x000000001c0c4000 JavaThread "jar transforms Thread 4987" [_thread_blocked, id=4812, stack(0x000000002a000000,0x000000002a100000)]
  0x000000001c0c2800 JavaThread "jar transforms Thread 4986" [_thread_blocked, id=16744, stack(0x0000000029f00000,0x000000002a000000)]
  0x000000002c7af800 JavaThread "jar transforms Thread 4985" [_thread_blocked, id=14724, stack(0x0000000029e00000,0x0000000029f00000)]
  0x000000002c7ac800 JavaThread "jar transforms Thread 4984" [_thread_blocked, id=19948, stack(0x0000000029d00000,0x0000000029e00000)]
  0x000000002c7ab000 JavaThread "jar transforms Thread 4983" [_thread_blocked, id=20152, stack(0x0000000029c00000,0x0000000029d00000)]
  0x000000002c7b0000 JavaThread "jar transforms Thread 4982" [_thread_blocked, id=6348, stack(0x0000000029b00000,0x0000000029c00000)]
  0x000000002c7aa000 JavaThread "jar transforms Thread 4981" [_thread_blocked, id=4692, stack(0x0000000029a00000,0x0000000029b00000)]
  0x000000002c7ab800 JavaThread "jar transforms Thread 4980" [_thread_blocked, id=13024, stack(0x0000000029900000,0x0000000029a00000)]
  0x000000002c7a8000 JavaThread "jar transforms Thread 4979" [_thread_blocked, id=10424, stack(0x0000000029800000,0x0000000029900000)]
  0x000000002c7ae800 JavaThread "jar transforms Thread 4978" [_thread_blocked, id=6640, stack(0x0000000029700000,0x0000000029800000)]
  0x000000002c7ae000 JavaThread "jar transforms Thread 4977" [_thread_blocked, id=15576, stack(0x0000000029600000,0x0000000029700000)]
  0x000000002c7a2800 JavaThread "jar transforms Thread 4976" [_thread_blocked, id=19740, stack(0x0000000029500000,0x0000000029600000)]
  0x000000002c7a3800 JavaThread "jar transforms Thread 4975" [_thread_blocked, id=19060, stack(0x0000000029400000,0x0000000029500000)]
  0x000000002c7a5000 JavaThread "jar transforms Thread 4974" [_thread_blocked, id=2924, stack(0x0000000029300000,0x0000000029400000)]
  0x000000002c7a8800 JavaThread "jar transforms Thread 4973" [_thread_blocked, id=14288, stack(0x0000000029200000,0x0000000029300000)]
  0x000000002c7a7000 JavaThread "jar transforms Thread 4972" [_thread_blocked, id=13464, stack(0x0000000029100000,0x0000000029200000)]
  0x000000002c7a6800 JavaThread "jar transforms Thread 4971" [_thread_blocked, id=3952, stack(0x0000000029000000,0x0000000029100000)]
  0x000000002c7a5800 JavaThread "jar transforms Thread 4970" [_thread_blocked, id=17768, stack(0x0000000028f00000,0x0000000029000000)]
  0x000000002c7a4000 JavaThread "jar transforms Thread 4969" [_thread_blocked, id=7756, stack(0x0000000028e00000,0x0000000028f00000)]
  0x000000002c79c000 JavaThread "jar transforms Thread 4968" [_thread_blocked, id=20300, stack(0x0000000028d00000,0x0000000028e00000)]
  0x000000002c79d800 JavaThread "jar transforms Thread 4967" [_thread_blocked, id=20284, stack(0x0000000028c00000,0x0000000028d00000)]
  0x000000002c79b000 JavaThread "jar transforms Thread 4966" [_thread_blocked, id=17412, stack(0x0000000028b00000,0x0000000028c00000)]
  0x000000002c7a2000 JavaThread "jar transforms Thread 4965" [_thread_blocked, id=20248, stack(0x0000000028a00000,0x0000000028b00000)]
  0x000000002c7a1000 JavaThread "jar transforms Thread 4964" [_thread_blocked, id=2808, stack(0x0000000028900000,0x0000000028a00000)]
  0x000000002c79c800 JavaThread "jar transforms Thread 4963" [_thread_blocked, id=19524, stack(0x0000000028800000,0x0000000028900000)]
  0x000000002c79f800 JavaThread "jar transforms Thread 4962" [_thread_blocked, id=9056, stack(0x0000000028700000,0x0000000028800000)]
  0x000000002c79f000 JavaThread "jar transforms Thread 4961" [_thread_blocked, id=10848, stack(0x0000000028600000,0x0000000028700000)]
  0x000000002c79a800 JavaThread "jar transforms Thread 4960" [_thread_blocked, id=11328, stack(0x0000000028500000,0x0000000028600000)]
  0x000000002c7a0800 JavaThread "jar transforms Thread 4959" [_thread_blocked, id=15016, stack(0x0000000028400000,0x0000000028500000)]
  0x000000002c79e000 JavaThread "jar transforms Thread 4958" [_thread_blocked, id=5592, stack(0x0000000028300000,0x0000000028400000)]
  0x000000002c793000 JavaThread "jar transforms Thread 4957" [_thread_blocked, id=10928, stack(0x0000000028200000,0x0000000028300000)]
  0x000000002c799800 JavaThread "jar transforms Thread 4956" [_thread_blocked, id=12520, stack(0x0000000028100000,0x0000000028200000)]
  0x000000002c793800 JavaThread "jar transforms Thread 4955" [_thread_blocked, id=11608, stack(0x0000000028000000,0x0000000028100000)]
  0x000000002c792000 JavaThread "jar transforms Thread 4954" [_thread_blocked, id=15756, stack(0x0000000027f00000,0x0000000028000000)]
  0x000000002c799000 JavaThread "jar transforms Thread 4953" [_thread_blocked, id=4892, stack(0x0000000027e00000,0x0000000027f00000)]
  0x000000002c798000 JavaThread "jar transforms Thread 4952" [_thread_blocked, id=12148, stack(0x0000000027d00000,0x0000000027e00000)]
  0x000000002c795000 JavaThread "jar transforms Thread 4951" [_thread_blocked, id=20228, stack(0x0000000027c00000,0x0000000027d00000)]
  0x000000002c797800 JavaThread "jar transforms Thread 4950" [_thread_blocked, id=6244, stack(0x0000000027b00000,0x0000000027c00000)]
  0x000000002c796000 JavaThread "jar transforms Thread 4949" [_thread_blocked, id=13240, stack(0x0000000027a00000,0x0000000027b00000)]
  0x000000002c796800 JavaThread "jar transforms Thread 4948" [_thread_blocked, id=7296, stack(0x0000000027900000,0x0000000027a00000)]
  0x000000002e1c2000 JavaThread "jar transforms Thread 4947" [_thread_blocked, id=14720, stack(0x0000000027800000,0x0000000027900000)]
  0x000000002e1bf800 JavaThread "jar transforms Thread 4946" [_thread_blocked, id=14376, stack(0x0000000027700000,0x0000000027800000)]
  0x000000002e1c2800 JavaThread "jar transforms Thread 4945" [_thread_blocked, id=16768, stack(0x0000000027600000,0x0000000027700000)]
  0x000000002e1c1000 JavaThread "jar transforms Thread 4944" [_thread_blocked, id=5060, stack(0x0000000027500000,0x0000000027600000)]
  0x000000002e1bf000 JavaThread "jar transforms Thread 4943" [_thread_blocked, id=17928, stack(0x0000000027400000,0x0000000027500000)]
  0x000000002e1c3800 JavaThread "jar transforms Thread 4942" [_thread_blocked, id=18860, stack(0x0000000027300000,0x0000000027400000)]
  0x000000002e1bb000 JavaThread "jar transforms Thread 4941" [_thread_blocked, id=1284, stack(0x0000000027200000,0x0000000027300000)]
  0x000000002e1c0800 JavaThread "jar transforms Thread 4940" [_thread_blocked, id=7188, stack(0x0000000027100000,0x0000000027200000)]
  0x000000002e1bc000 JavaThread "jar transforms Thread 4939" [_thread_blocked, id=8812, stack(0x0000000027000000,0x0000000027100000)]
  0x000000002e1ba800 JavaThread "jar transforms Thread 4938" [_thread_blocked, id=16336, stack(0x0000000026f00000,0x0000000027000000)]
  0x000000002e1b6800 JavaThread "jar transforms Thread 4937" [_thread_blocked, id=8052, stack(0x0000000026e00000,0x0000000026f00000)]
  0x000000002e1bd800 JavaThread "jar transforms Thread 4936" [_thread_blocked, id=1216, stack(0x0000000026d00000,0x0000000026e00000)]
  0x000000002e1bc800 JavaThread "jar transforms Thread 4935" [_thread_blocked, id=19476, stack(0x0000000026c00000,0x0000000026d00000)]
  0x000000002e1b9000 JavaThread "jar transforms Thread 4934" [_thread_blocked, id=3736, stack(0x0000000026b00000,0x0000000026c00000)]
  0x000000002e1b6000 JavaThread "jar transforms Thread 4933" [_thread_blocked, id=16064, stack(0x0000000026a00000,0x0000000026b00000)]
  0x000000002e1b8000 JavaThread "jar transforms Thread 4932" [_thread_blocked, id=1008, stack(0x0000000026900000,0x0000000026a00000)]
  0x000000002e1b3000 JavaThread "jar transforms Thread 4931" [_thread_blocked, id=14196, stack(0x0000000026800000,0x0000000026900000)]
  0x000000002e1b9800 JavaThread "jar transforms Thread 4930" [_thread_blocked, id=8936, stack(0x0000000026700000,0x0000000026800000)]
  0x000000002e1b7800 JavaThread "jar transforms Thread 4929" [_thread_blocked, id=7524, stack(0x0000000026600000,0x0000000026700000)]
  0x000000002e1b5000 JavaThread "jar transforms Thread 4928" [_thread_blocked, id=7812, stack(0x0000000026500000,0x0000000026600000)]
  0x000000002e1b0000 JavaThread "jar transforms Thread 4927" [_thread_blocked, id=20020, stack(0x0000000026400000,0x0000000026500000)]
  0x000000002e1b3800 JavaThread "jar transforms Thread 4926" [_thread_blocked, id=9256, stack(0x0000000026300000,0x0000000026400000)]
  0x000000002e1b2000 JavaThread "jar transforms Thread 4925" [_thread_blocked, id=20000, stack(0x0000000026200000,0x0000000026300000)]
  0x000000002e1b4800 JavaThread "jar transforms Thread 4924" [_thread_blocked, id=4940, stack(0x0000000026100000,0x0000000026200000)]
  0x000000002e1b0800 JavaThread "jar transforms Thread 4923" [_thread_blocked, id=9100, stack(0x0000000026000000,0x0000000026100000)]
  0x000000002e1a9000 JavaThread "jar transforms Thread 4922" [_thread_blocked, id=10528, stack(0x0000000025f00000,0x0000000026000000)]
  0x000000002e1a8800 JavaThread "jar transforms Thread 4921" [_thread_blocked, id=13960, stack(0x0000000025e00000,0x0000000025f00000)]
  0x000000002e1af000 JavaThread "jar transforms Thread 4920" [_thread_blocked, id=12236, stack(0x0000000025d00000,0x0000000025e00000)]
  0x000000002e1a7800 JavaThread "jar transforms Thread 4919" [_thread_blocked, id=1380, stack(0x0000000025c00000,0x0000000025d00000)]
  0x000000002e1ae800 JavaThread "jar transforms Thread 4918" [_thread_blocked, id=7572, stack(0x0000000025b00000,0x0000000025c00000)]
  0x000000002e1ad800 JavaThread "jar transforms Thread 4917" [_thread_blocked, id=12776, stack(0x0000000025a00000,0x0000000025b00000)]
  0x000000002e1ab800 JavaThread "jar transforms Thread 4916" [_thread_blocked, id=19536, stack(0x0000000025900000,0x0000000025a00000)]
  0x000000002e1ad000 JavaThread "jar transforms Thread 4915" [_thread_blocked, id=11280, stack(0x0000000025800000,0x0000000025900000)]
  0x000000002e1a5800 JavaThread "jar transforms Thread 4914" [_thread_blocked, id=9948, stack(0x0000000025700000,0x0000000025800000)]
  0x000000002e1ac000 JavaThread "jar transforms Thread 4913" [_thread_blocked, id=10748, stack(0x0000000025600000,0x0000000025700000)]
  0x000000002e1a7000 JavaThread "jar transforms Thread 4912" [_thread_blocked, id=12336, stack(0x0000000025500000,0x0000000025600000)]
  0x000000002e1aa800 JavaThread "jar transforms Thread 4911" [_thread_blocked, id=14620, stack(0x0000000025400000,0x0000000025500000)]
  0x000000002e1a6000 JavaThread "jar transforms Thread 4910" [_thread_blocked, id=2552, stack(0x0000000025300000,0x0000000025400000)]
  0x000000002e1a4800 JavaThread "jar transforms Thread 4909" [_thread_blocked, id=8068, stack(0x0000000025200000,0x0000000025300000)]
  0x000000002e1aa000 JavaThread "jar transforms Thread 4908" [_thread_blocked, id=7760, stack(0x0000000025100000,0x0000000025200000)]
  0x00000000359e8800 JavaThread "jar transforms Thread 4907" [_thread_blocked, id=2192, stack(0x0000000025000000,0x0000000025100000)]
  0x00000000359ed000 JavaThread "jar transforms Thread 4906" [_thread_blocked, id=16236, stack(0x0000000024f00000,0x0000000025000000)]
  0x00000000359ea800 JavaThread "jar transforms Thread 4905" [_thread_blocked, id=19656, stack(0x0000000024e00000,0x0000000024f00000)]
  0x00000000359e5800 JavaThread "jar transforms Thread 4904" [_thread_blocked, id=4996, stack(0x0000000024d00000,0x0000000024e00000)]
  0x00000000359e7800 JavaThread "jar transforms Thread 4903" [_thread_blocked, id=3816, stack(0x0000000024c00000,0x0000000024d00000)]
  0x00000000359ea000 JavaThread "jar transforms Thread 4902" [_thread_blocked, id=11064, stack(0x0000000024b00000,0x0000000024c00000)]
  0x00000000359e6000 JavaThread "jar transforms Thread 4901" [_thread_blocked, id=5364, stack(0x0000000024a00000,0x0000000024b00000)]
  0x00000000359ec000 JavaThread "jar transforms Thread 4900" [_thread_blocked, id=12092, stack(0x0000000024900000,0x0000000024a00000)]
  0x00000000359e9000 JavaThread "jar transforms Thread 4899" [_thread_blocked, id=18864, stack(0x0000000024800000,0x0000000024900000)]
  0x00000000359eb800 JavaThread "jar transforms Thread 4898" [_thread_blocked, id=15096, stack(0x0000000024700000,0x0000000024800000)]
  0x00000000359e7000 JavaThread "jar transforms Thread 4897" [_thread_blocked, id=11060, stack(0x0000000024600000,0x0000000024700000)]
  0x00000000359de000 JavaThread "jar transforms Thread 4896" [_thread_blocked, id=12112, stack(0x0000000024500000,0x0000000024600000)]
  0x00000000359e4000 JavaThread "jar transforms Thread 4895" [_thread_blocked, id=14980, stack(0x0000000024400000,0x0000000024500000)]
  0x00000000359e2800 JavaThread "jar transforms Thread 4894" [_thread_blocked, id=7208, stack(0x0000000024300000,0x0000000024400000)]
  0x00000000359e4800 JavaThread "jar transforms Thread 4893" [_thread_blocked, id=8984, stack(0x0000000024200000,0x0000000024300000)]
  0x00000000359de800 JavaThread "jar transforms Thread 4892" [_thread_blocked, id=17424, stack(0x0000000024100000,0x0000000024200000)]
  0x00000000359e1800 JavaThread "jar transforms Thread 4891" [_thread_blocked, id=6360, stack(0x0000000024000000,0x0000000024100000)]
  0x00000000359dc800 JavaThread "jar transforms Thread 4890" [_thread_blocked, id=13828, stack(0x0000000023f00000,0x0000000024000000)]
  0x00000000359e0000 JavaThread "jar transforms Thread 4889" [_thread_blocked, id=5508, stack(0x0000000023e00000,0x0000000023f00000)]
  0x00000000359dd000 JavaThread "jar transforms Thread 4888" [_thread_blocked, id=18348, stack(0x0000000023d00000,0x0000000023e00000)]
  0x00000000359e1000 JavaThread "jar transforms Thread 4887" [_thread_blocked, id=16080, stack(0x0000000023c00000,0x0000000023d00000)]
  0x00000000359e3000 JavaThread "jar transforms Thread 4886" [_thread_blocked, id=6564, stack(0x0000000023b00000,0x0000000023c00000)]
  0x00000000359d5000 JavaThread "jar transforms Thread 4885" [_thread_blocked, id=13588, stack(0x0000000023a00000,0x0000000023b00000)]
  0x00000000359db800 JavaThread "jar transforms Thread 4884" [_thread_blocked, id=2796, stack(0x0000000023900000,0x0000000023a00000)]
  0x00000000359db000 JavaThread "jar transforms Thread 4883" [_thread_blocked, id=19556, stack(0x0000000023800000,0x0000000023900000)]
  0x00000000359d8000 JavaThread "jar transforms Thread 4882" [_thread_blocked, id=8924, stack(0x0000000023700000,0x0000000023800000)]
  0x00000000359da000 JavaThread "jar transforms Thread 4881" [_thread_blocked, id=11024, stack(0x0000000023600000,0x0000000023700000)]
  0x00000000359d3800 JavaThread "jar transforms Thread 4880" [_thread_blocked, id=2308, stack(0x0000000023500000,0x0000000023600000)]
  0x00000000359d7000 JavaThread "Build operations Thread 8" [_thread_blocked, id=8392, stack(0x0000000023400000,0x0000000023500000)]
  0x00000000359d9800 JavaThread "Build operations Thread 7" [_thread_blocked, id=20116, stack(0x0000000023300000,0x0000000023400000)]
  0x00000000359d6800 JavaThread "Build operations Thread 6" [_thread_blocked, id=1856, stack(0x0000000023200000,0x0000000023300000)]
  0x00000000359d8800 JavaThread "Build operations Thread 5" [_thread_blocked, id=16512, stack(0x0000000023100000,0x0000000023200000)]
  0x00000000359ce800 JavaThread "Build operations Thread 4" [_thread_blocked, id=13084, stack(0x0000000023000000,0x0000000023100000)]
  0x00000000359d5800 JavaThread "Build operations Thread 3" [_thread_blocked, id=15008, stack(0x0000000022f00000,0x0000000023000000)]
  0x00000000359d2800 JavaThread "Build operations Thread 2" [_thread_blocked, id=4072, stack(0x0000000022700000,0x0000000022800000)]
  0x00000000359d4000 JavaThread "Build operations" [_thread_blocked, id=16108, stack(0x0000000021c40000,0x0000000021d40000)]
  0x00000000359d1800 JavaThread "Cache worker for cache directory md-rule (C:\Users\PoojaMalik\.gradle\caches\6.5\md-rule)" [_thread_blocked, id=7848, stack(0x0000000021b40000,0x0000000021c40000)]
  0x00000000359d1000 JavaThread "Cache worker for cache directory md-supplier (C:\Users\PoojaMalik\.gradle\caches\6.5\md-supplier)" [_thread_blocked, id=3608, stack(0x000000001df30000,0x000000001e030000)]
  0x00000000359ce000 JavaThread "Cache worker for checksums cache (D:\Pockket App\Android App\PockketApp\.gradle\checksums)" [_thread_blocked, id=17720, stack(0x000000001dc30000,0x000000001dd30000)]
  0x00000000359d0000 JavaThread "Cache worker for file hash cache (D:\Pockket App\Android App\PockketApp\.gradle\6.5\fileHashes)" [_thread_blocked, id=18344, stack(0x000000001da30000,0x000000001db30000)]
  0x000000002d080800 JavaThread "Thread-6934" [_thread_blocked, id=9452, stack(0x000000001d730000,0x000000001d830000)]
  0x000000002d087800 JavaThread "Stdin handler" [_thread_blocked, id=20344, stack(0x000000001d630000,0x000000001d730000)]
  0x000000002d084800 JavaThread "Asynchronous log dispatcher for DefaultDaemonConnection: socket connection from /127.0.0.1:53135 to /127.0.0.1:56781" [_thread_blocked, id=8380, stack(0x000000001d1f0000,0x000000001d2f0000)]
  0x000000002d083800 JavaThread "Daemon worker Thread 41" [_thread_blocked, id=15464, stack(0x000000001d0f0000,0x000000001d1f0000)]
  0x000000002d085000 JavaThread "Cancel handler" [_thread_blocked, id=3144, stack(0x00000000009b0000,0x0000000000ab0000)]
  0x000000002d078800 JavaThread "Handler for socket connection from /127.0.0.1:53135 to /127.0.0.1:56781" [_thread_in_native, id=2476, stack(0x00000000008b0000,0x00000000009b0000)]
  0x000000002d07e800 JavaThread "Daemon Thread 41" [_thread_blocked, id=19732, stack(0x00000000007b0000,0x00000000008b0000)]
  0x000000002d07c000 JavaThread "Cache worker for Java compile cache (C:\Users\PoojaMalik\.gradle\caches\6.5\javaCompile)" [_thread_blocked, id=13804, stack(0x0000000033900000,0x0000000033a00000)]
  0x000000002d07d800 JavaThread "RMI Reaper" [_thread_blocked, id=7656, stack(0x00000000303d0000,0x00000000304d0000)]
  0x00000000200b0000 JavaThread "RMI TCP Accept-0" daemon [_thread_in_native, id=5792, stack(0x000000002fed0000,0x000000002ffd0000)]
  0x000000002d163000 JavaThread "GC Daemon" daemon [_thread_blocked, id=11400, stack(0x000000002f5d0000,0x000000002f6d0000)]
  0x000000002d167800 JavaThread "RMI Scheduler(0)" daemon [_thread_blocked, id=19080, stack(0x000000002f3d0000,0x000000002f4d0000)]
  0x000000001e823000 JavaThread "Memory manager" [_thread_blocked, id=19092, stack(0x000000002aff0000,0x000000002b0f0000)]
  0x000000001c076000 JavaThread "Cache worker for file content cache (C:\Users\PoojaMalik\.gradle\caches\6.5\fileContent)" [_thread_blocked, id=12228, stack(0x0000000022800000,0x0000000022900000)]
  0x000000001c079000 JavaThread "Cache worker for execution history cache (C:\Users\PoojaMalik\.gradle\caches\6.5\executionHistory)" [_thread_blocked, id=7636, stack(0x0000000021df0000,0x0000000021ef0000)]
  0x000000001c077800 JavaThread "Cache worker for file hash cache (C:\Users\PoojaMalik\.gradle\caches\6.5\fileHashes)" [_thread_blocked, id=340, stack(0x000000001f400000,0x000000001f500000)]
  0x000000001c076800 JavaThread "File lock request listener" [_thread_in_native, id=12088, stack(0x000000001e330000,0x000000001e430000)]
  0x000000001bf00800 JavaThread "Cache worker for journal cache (C:\Users\PoojaMalik\.gradle\caches\journal-1)" [_thread_blocked, id=11896, stack(0x000000001e230000,0x000000001e330000)]
  0x000000001bea1800 JavaThread "Daemon periodic checks" [_thread_blocked, id=9556, stack(0x000000001d530000,0x000000001d630000)]
  0x000000001be4a800 JavaThread "Incoming local TCP Connector on port 53135" [_thread_in_native, id=9148, stack(0x000000001d2f0000,0x000000001d3f0000)]
  0x000000001be1a800 JavaThread "Daemon health stats" [_thread_blocked, id=13876, stack(0x000000001ccb0000,0x000000001cdb0000)]
  0x00000000194dc000 JavaThread "Service Thread" daemon [_thread_blocked, id=7408, stack(0x000000001a110000,0x000000001a210000)]
  0x000000001944f000 JavaThread "C1 CompilerThread3" daemon [_thread_blocked, id=10908, stack(0x000000001a010000,0x000000001a110000)]
  0x0000000019447800 JavaThread "C2 CompilerThread2" daemon [_thread_blocked, id=16996, stack(0x0000000019f10000,0x000000001a010000)]
=>0x000000001764c000 JavaThread "C2 CompilerThread1" daemon [_thread_in_native, id=18780, stack(0x0000000019e10000,0x0000000019f10000)]
  0x0000000019445800 JavaThread "C2 CompilerThread0" daemon [_thread_blocked, id=18484, stack(0x0000000019d10000,0x0000000019e10000)]
  0x0000000019444800 JavaThread "Attach Listener" daemon [_thread_blocked, id=7720, stack(0x0000000019c10000,0x0000000019d10000)]
  0x0000000019443000 JavaThread "Signal Dispatcher" daemon [_thread_blocked, id=15416, stack(0x0000000019b10000,0x0000000019c10000)]
  0x0000000019430800 JavaThread "Finalizer" daemon [_thread_blocked, id=12304, stack(0x0000000019910000,0x0000000019a10000)]
  0x00000000025c8000 JavaThread "Reference Handler" daemon [_thread_blocked, id=16444, stack(0x0000000019810000,0x0000000019910000)]
  0x00000000024ce000 JavaThread "main" [_thread_blocked, id=17048, stack(0x0000000002330000,0x0000000002430000)]

Other Threads:
  0x00000000025c5800 VMThread [stack: 0x0000000019310000,0x0000000019410000] [id=4624]
  0x00000000194dc800 WatcherThread [stack: 0x000000001a210000,0x000000001a310000] [id=14068]

VM state:not at safepoint (normal execution)

VM Mutex/Monitor currently owned by a thread: None

heap address: 0x0000000080000000, size: 2048 MB, Compressed Oops mode: 32-bit
Narrow klass base: 0x0000000000000000, Narrow klass shift: 3
Compressed class space size: 1073741824 Address: 0x0000000100000000

Heap:
 PSYoungGen      total 493056K, used 418867K [0x00000000d5580000, 0x00000000fba80000, 0x0000000100000000)
  eden space 380928K, 96% used [0x00000000d5580000,0x00000000ebe47bb0,0x00000000ec980000)
  from space 112128K, 44% used [0x00000000f4d00000,0x00000000f7d450c8,0x00000000fba80000)
  to   space 123392K, 0% used [0x00000000ec980000,0x00000000ec980000,0x00000000f4200000)
 ParOldGen       total 382464K, used 138402K [0x0000000080000000, 0x0000000097580000, 0x00000000d5580000)
  object space 382464K, 36% used [0x0000000080000000,0x0000000088728bb0,0x0000000097580000)
 Metaspace       used 333196K, capacity 345830K, committed 346136K, reserved 1353728K
  class space    used 39389K, capacity 41729K, committed 41776K, reserved 1048576K

Card table byte_map: [0x0000000011990000,0x0000000011da0000] byte_map_base: 0x0000000011590000

Marking Bits: (ParMarkBitMap*) 0x00000000698cf030
 Begin Bits: [0x0000000012850000, 0x0000000014850000)
 End Bits:   [0x0000000014850000, 0x0000000016850000)

Polling page: 0x00000000006a0000

CodeCache: size=245760Kb used=162774Kb max_used=162826Kb free=82985Kb
 bounds [0x00000000025d0000, 0x000000000c5d0000, 0x00000000115d0000]
 total_blobs=45176 nmethods=44218 adapters=867
 compilation: enabled

Compilation events (10 events):
Event: 29823.659 Thread 0x0000000019445800 nmethod 60008 0x000000000c598cd0 code [0x000000000c598f00, 0x000000000c59a050]
Event: 29823.659 Thread 0x0000000019445800 60043       4       org.antlr.v4.runtime.misc.Array2DHashSet::getOrAddImpl (146 bytes)
Event: 29823.674 Thread 0x0000000019445800 nmethod 60043 0x000000000c59b150 code [0x000000000c59b340, 0x000000000c59c278]
Event: 29823.674 Thread 0x0000000019445800 60027       4       kotlinx.metadata.internal.protobuf.CodedInputStream::readTag (41 bytes)
Event: 29823.690 Thread 0x0000000019445800 nmethod 60027 0x000000000c59cfd0 code [0x000000000c59d160, 0x000000000c59dba8]
Event: 29823.690 Thread 0x0000000019445800 60031       4       org.antlr.v4.runtime.misc.Array2DHashSet::getOrAdd (21 bytes)
Event: 29823.691 Thread 0x0000000019445800 nmethod 60031 0x000000000c595d10 code [0x000000000c595e60, 0x000000000c595f18]
Event: 29823.691 Thread 0x0000000019445800 60033       4       javax.lang.model.util.ElementFilter::methodsIn (10 bytes)
Event: 29823.692 Thread 0x0000000019445800 nmethod 60033 0x0000000003ccced0 code [0x0000000003ccd020, 0x0000000003ccd0a8]
Event: 29823.888 Thread 0x0000000019447800 nmethod 59872 0x000000000c5ab110 code [0x000000000c5abc40, 0x000000000c5b7d00]

GC Heap History (10 events):
Event: 29660.255 GC heap before
{Heap before GC invocations=192 (full 12):
 PSYoungGen      total 394240K, used 393760K [0x00000000d5580000, 0x00000000f7900000, 0x0000000100000000)
  eden space 376320K, 99% used [0x00000000d5580000,0x00000000ec4fe158,0x00000000ec500000)
  from space 17920K, 97% used [0x00000000ed000000,0x00000000ee10a1d0,0x00000000ee180000)
  to   space 92160K, 0% used [0x00000000f1f00000,0x00000000f1f00000,0x00000000f7900000)
 ParOldGen       total 382464K, used 122229K [0x0000000080000000, 0x0000000097580000, 0x00000000d5580000)
  object space 382464K, 31% used [0x0000000080000000,0x000000008775d748,0x0000000097580000)
 Metaspace       used 311771K, capacity 324220K, committed 324504K, reserved 1335296K
  class space    used 36967K, capacity 39256K, committed 39344K, reserved 1048576K
Event: 29660.275 GC heap after
Heap after GC invocations=192 (full 12):
 PSYoungGen      total 438784K, used 16175K [0x00000000d5580000, 0x00000000f6680000, 0x0000000100000000)
  eden space 365568K, 0% used [0x00000000d5580000,0x00000000d5580000,0x00000000eba80000)
  from space 73216K, 22% used [0x00000000f1f00000,0x00000000f2ecbc58,0x00000000f6680000)
  to   space 88064K, 0% used [0x00000000eba80000,0x00000000eba80000,0x00000000f1080000)
 ParOldGen       total 382464K, used 122229K [0x0000000080000000, 0x0000000097580000, 0x00000000d5580000)
  object space 382464K, 31% used [0x0000000080000000,0x000000008775d748,0x0000000097580000)
 Metaspace       used 311771K, capacity 324220K, committed 324504K, reserved 1335296K
  class space    used 36967K, capacity 39256K, committed 39344K, reserved 1048576K
}
Event: 29662.552 GC heap before
{Heap before GC invocations=193 (full 12):
 PSYoungGen      total 438784K, used 381743K [0x00000000d5580000, 0x00000000f6680000, 0x0000000100000000)
  eden space 365568K, 100% used [0x00000000d5580000,0x00000000eba80000,0x00000000eba80000)
  from space 73216K, 22% used [0x00000000f1f00000,0x00000000f2ecbc58,0x00000000f6680000)
  to   space 88064K, 0% used [0x00000000eba80000,0x00000000eba80000,0x00000000f1080000)
 ParOldGen       total 382464K, used 122229K [0x0000000080000000, 0x0000000097580000, 0x00000000d5580000)
  object space 382464K, 31% used [0x0000000080000000,0x000000008775d748,0x0000000097580000)
 Metaspace       used 321318K, capacity 333826K, committed 334232K, reserved 1343488K
  class space    used 38011K, capacity 40325K, committed 40368K, reserved 1048576K
Event: 29662.610 GC heap after
Heap after GC invocations=193 (full 12):
 PSYoungGen      total 453632K, used 88057K [0x00000000d5580000, 0x00000000f9780000, 0x0000000100000000)
  eden space 365568K, 0% used [0x00000000d5580000,0x00000000d5580000,0x00000000eba80000)
  from space 88064K, 99% used [0x00000000eba80000,0x00000000f107e460,0x00000000f1080000)
  to   space 104960K, 0% used [0x00000000f3100000,0x00000000f3100000,0x00000000f9780000)
 ParOldGen       total 382464K, used 124535K [0x0000000080000000, 0x0000000097580000, 0x00000000d5580000)
  object space 382464K, 32% used [0x0000000080000000,0x000000008799dc50,0x0000000097580000)
 Metaspace       used 321318K, capacity 333826K, committed 334232K, reserved 1343488K
  class space    used 38011K, capacity 40325K, committed 40368K, reserved 1048576K
}
Event: 29664.394 GC heap before
{Heap before GC invocations=194 (full 12):
 PSYoungGen      total 453632K, used 453625K [0x00000000d5580000, 0x00000000f9780000, 0x0000000100000000)
  eden space 365568K, 100% used [0x00000000d5580000,0x00000000eba80000,0x00000000eba80000)
  from space 88064K, 99% used [0x00000000eba80000,0x00000000f107e460,0x00000000f1080000)
  to   space 104960K, 0% used [0x00000000f3100000,0x00000000f3100000,0x00000000f9780000)
 ParOldGen       total 382464K, used 124535K [0x0000000080000000, 0x0000000097580000, 0x00000000d5580000)
  object space 382464K, 32% used [0x0000000080000000,0x000000008799dc50,0x0000000097580000)
 Metaspace       used 325395K, capacity 338012K, committed 338456K, reserved 1347584K
  class space    used 38545K, capacity 40880K, committed 41008K, reserved 1048576K
Event: 29664.491 GC heap after
Heap after GC invocations=194 (full 12):
 PSYoungGen      total 462336K, used 104942K [0x00000000d5580000, 0x00000000fd400000, 0x0000000100000000)
  eden space 357376K, 0% used [0x00000000d5580000,0x00000000d5580000,0x00000000eb280000)
  from space 104960K, 99% used [0x00000000f3100000,0x00000000f977b890,0x00000000f9780000)
  to   space 129536K, 0% used [0x00000000eb280000,0x00000000eb280000,0x00000000f3100000)
 ParOldGen       total 382464K, used 138402K [0x0000000080000000, 0x0000000097580000, 0x00000000d5580000)
  object space 382464K, 36% used [0x0000000080000000,0x0000000088728bb0,0x0000000097580000)
 Metaspace       used 325395K, capacity 338012K, committed 338456K, reserved 1347584K
  class space    used 38545K, capacity 40880K, committed 41008K, reserved 1048576K
}
Event: 29667.021 GC heap before
{Heap before GC invocations=195 (full 12):
 PSYoungGen      total 462336K, used 462318K [0x00000000d5580000, 0x00000000fd400000, 0x0000000100000000)
  eden space 357376K, 100% used [0x00000000d5580000,0x00000000eb280000,0x00000000eb280000)
  from space 104960K, 99% used [0x00000000f3100000,0x00000000f977b890,0x00000000f9780000)
  to   space 129536K, 0% used [0x00000000eb280000,0x00000000eb280000,0x00000000f3100000)
 ParOldGen       total 382464K, used 138402K [0x0000000080000000, 0x0000000097580000, 0x00000000d5580000)
  object space 382464K, 36% used [0x0000000080000000,0x0000000088728bb0,0x0000000097580000)
 Metaspace       used 325472K, capacity 338106K, committed 338456K, reserved 1347584K
  class space    used 38549K, capacity 40885K, committed 41008K, reserved 1048576K
Event: 29667.068 GC heap after
Heap after GC invocations=195 (full 12):
 PSYoungGen      total 486912K, used 67027K [0x00000000d5580000, 0x00000000fcc00000, 0x0000000100000000)
  eden space 357376K, 0% used [0x00000000d5580000,0x00000000d5580000,0x00000000eb280000)
  from space 129536K, 51% used [0x00000000eb280000,0x00000000ef3f4c40,0x00000000f3100000)
  to   space 130048K, 0% used [0x00000000f4d00000,0x00000000f4d00000,0x00000000fcc00000)
 ParOldGen       total 382464K, used 138402K [0x0000000080000000, 0x0000000097580000, 0x00000000d5580000)
  object space 382464K, 36% used [0x0000000080000000,0x0000000088728bb0,0x0000000097580000)
 Metaspace       used 325472K, capacity 338106K, committed 338456K, reserved 1347584K
  class space    used 38549K, capacity 40885K, committed 41008K, reserved 1048576K
}
Event: 29807.619 GC heap before
{Heap before GC invocations=196 (full 12):
 PSYoungGen      total 486912K, used 424403K [0x00000000d5580000, 0x00000000fcc00000, 0x0000000100000000)
  eden space 357376K, 100% used [0x00000000d5580000,0x00000000eb280000,0x00000000eb280000)
  from space 129536K, 51% used [0x00000000eb280000,0x00000000ef3f4c40,0x00000000f3100000)
  to   space 130048K, 0% used [0x00000000f4d00000,0x00000000f4d00000,0x00000000fcc00000)
 ParOldGen       total 382464K, used 138402K [0x0000000080000000, 0x0000000097580000, 0x00000000d5580000)
  object space 382464K, 36% used [0x0000000080000000,0x0000000088728bb0,0x0000000097580000)
 Metaspace       used 325502K, capacity 338110K, committed 338456K, reserved 1347584K
  class space    used 38549K, capacity 40885K, committed 41008K, reserved 1048576K
Event: 29807.674 GC heap after
Heap after GC invocations=196 (full 12):
 PSYoungGen      total 493056K, used 49428K [0x00000000d5580000, 0x00000000fba80000, 0x0000000100000000)
  eden space 380928K, 0% used [0x00000000d5580000,0x00000000d5580000,0x00000000ec980000)
  from space 112128K, 44% used [0x00000000f4d00000,0x00000000f7d450c8,0x00000000fba80000)
  to   space 123392K, 0% used [0x00000000ec980000,0x00000000ec980000,0x00000000f4200000)
 ParOldGen       total 382464K, used 138402K [0x0000000080000000, 0x0000000097580000, 0x00000000d5580000)
  object space 382464K, 36% used [0x0000000080000000,0x0000000088728bb0,0x0000000097580000)
 Metaspace       used 325502K, capacity 338110K, committed 338456K, reserved 1347584K
  class space    used 38549K, capacity 40885K, committed 41008K, reserved 1048576K
}

Deoptimization events (10 events):
Event: 29666.770 Thread 0x000000002d159800 Uncommon trap: reason=unstable_if action=reinterpret pc=0x0000000002cbcee8 method=java.util.HashMap.getNode(ILjava/lang/Object;)Ljava/util/HashMap$Node; @ 84
Event: 29809.616 Thread 0x000000002d164000 Uncommon trap: reason=unstable_if action=reinterpret pc=0x000000000c4dfabc method=org.sqlite.SQLiteJDBCLoader.contentsEquals(Ljava/io/InputStream;Ljava/io/InputStream;)Z @ 39
Event: 29809.737 Thread 0x000000002d164000 Uncommon trap: reason=unstable_if action=reinterpret pc=0x000000000c5062b8 method=org.antlr.v4.runtime.atn.ATNState.addTransition(ILorg/antlr/v4/runtime/atn/Transition;)V @ 115
Event: 29809.961 Thread 0x000000002d164000 Uncommon trap: reason=array_check action=maybe_recompile pc=0x000000000c55532c method=org.antlr.v4.runtime.misc.Array2DHashSet.getOrAddImpl(Ljava/lang/Object;)Ljava/lang/Object; @ 36
Event: 29809.961 Thread 0x000000002d164000 Uncommon trap: reason=array_check action=maybe_recompile pc=0x000000000c55532c method=org.antlr.v4.runtime.misc.Array2DHashSet.getOrAddImpl(Ljava/lang/Object;)Ljava/lang/Object; @ 36
Event: 29809.961 Thread 0x000000002d164000 Uncommon trap: reason=array_check action=maybe_recompile pc=0x000000000c55532c method=org.antlr.v4.runtime.misc.Array2DHashSet.getOrAddImpl(Ljava/lang/Object;)Ljava/lang/Object; @ 36
Event: 29809.961 Thread 0x000000002d164000 Uncommon trap: reason=array_check action=maybe_recompile pc=0x000000000c55532c method=org.antlr.v4.runtime.misc.Array2DHashSet.getOrAddImpl(Ljava/lang/Object;)Ljava/lang/Object; @ 36
Event: 29809.961 Thread 0x000000002d164000 Uncommon trap: reason=array_check action=maybe_recompile pc=0x000000000c55f918 method=org.antlr.v4.runtime.misc.Array2DHashSet.getOrAddImpl(Ljava/lang/Object;)Ljava/lang/Object; @ 36
Event: 29809.996 Thread 0x000000002d164000 Uncommon trap: reason=array_check action=maybe_recompile pc=0x000000000c57fd5c method=org.antlr.v4.runtime.misc.Array2DHashSet.getOrAddImpl(Ljava/lang/Object;)Ljava/lang/Object; @ 74
Event: 29809.996 Thread 0x000000002d164000 Uncommon trap: reason=array_check action=maybe_recompile pc=0x000000000c57fd5c method=org.antlr.v4.runtime.misc.Array2DHashSet.getOrAddImpl(Ljava/lang/Object;)Ljava/lang/Object; @ 74

Classes redefined (0 events):
No events

Internal exceptions (10 events):
Event: 29808.899 Thread 0x000000002d164000 Exception <a 'java/security/PrivilegedActionException'> (0x00000000e9449640) thrown at [C:\src\AOSP-openjdk-git\hotspot\src\share\vm\prims\jvm.cpp, line 1502]
Event: 29808.899 Thread 0x000000002d164000 Exception <a 'java/security/PrivilegedActionException'> (0x00000000e9449c20) thrown at [C:\src\AOSP-openjdk-git\hotspot\src\share\vm\prims\jvm.cpp, line 1502]
Event: 29808.899 Thread 0x000000002d164000 Exception <a 'java/security/PrivilegedActionException'> (0x00000000e944ba58) thrown at [C:\src\AOSP-openjdk-git\hotspot\src\share\vm\prims\jvm.cpp, line 1502]
Event: 29808.899 Thread 0x000000002d164000 Exception <a 'java/security/PrivilegedActionException'> (0x00000000e944c038) thrown at [C:\src\AOSP-openjdk-git\hotspot\src\share\vm\prims\jvm.cpp, line 1502]
Event: 29808.899 Thread 0x000000002d164000 Exception <a 'java/security/PrivilegedActionException'> (0x00000000e944dc68) thrown at [C:\src\AOSP-openjdk-git\hotspot\src\share\vm\prims\jvm.cpp, line 1502]
Event: 29808.899 Thread 0x000000002d164000 Exception <a 'java/security/PrivilegedActionException'> (0x00000000e944e248) thrown at [C:\src\AOSP-openjdk-git\hotspot\src\share\vm\prims\jvm.cpp, line 1502]
Event: 29808.899 Thread 0x000000002d164000 Exception <a 'java/security/PrivilegedActionException'> (0x00000000e944ff60) thrown at [C:\src\AOSP-openjdk-git\hotspot\src\share\vm\prims\jvm.cpp, line 1502]
Event: 29808.899 Thread 0x000000002d164000 Exception <a 'java/security/PrivilegedActionException'> (0x00000000e9450540) thrown at [C:\src\AOSP-openjdk-git\hotspot\src\share\vm\prims\jvm.cpp, line 1502]
Event: 29808.899 Thread 0x000000002d164000 Exception <a 'java/security/PrivilegedActionException'> (0x00000000e9452348) thrown at [C:\src\AOSP-openjdk-git\hotspot\src\share\vm\prims\jvm.cpp, line 1502]
Event: 29808.899 Thread 0x000000002d164000 Exception <a 'java/security/PrivilegedActionException'> (0x00000000e9452928) thrown at [C:\src\AOSP-openjdk-git\hotspot\src\share\vm\prims\jvm.cpp, line 1502]

Events (10 events):
Event: 29809.995 Thread 0x000000002d164000 Uncommon trap: trap_request=0xffffffd6 fr.pc=0x000000000c57fd5c
Event: 29809.996 Thread 0x000000002d164000 DEOPT PACKING pc=0x000000000c57fd5c sp=0x00000000405fc680
Event: 29809.996 Thread 0x000000002d164000 DEOPT UNPACKING pc=0x000000000261557b sp=0x00000000405fc648 mode 2
Event: 29809.996 Thread 0x000000002d164000 Uncommon trap: trap_request=0xffffffd6 fr.pc=0x000000000c57fd5c
Event: 29809.996 Thread 0x000000002d164000 DEOPT PACKING pc=0x000000000c57fd5c sp=0x00000000405fc680
Event: 29809.996 Thread 0x000000002d164000 DEOPT UNPACKING pc=0x000000000261557b sp=0x00000000405fc648 mode 2
Event: 29823.647 loading class androidx/room/processor/DatabaseProcessor$validateUniqueDaoClasses$check$1
Event: 29823.647 loading class androidx/room/processor/DatabaseProcessor$validateUniqueDaoClasses$check$1 done
Event: 29905.105 loading class androidx/room/vo/Database
Event: 29905.107 loading class androidx/room/vo/Database done


Dynamic libraries:
0x00007ff683dc0000 - 0x00007ff683df1000 	C:\Program Files\Android\Android Studio\jre\bin\java.exe
0x00007ff9e4720000 - 0x00007ff9e4910000 	C:\WINDOWS\SYSTEM32\ntdll.dll
0x00007ff9e3a50000 - 0x00007ff9e3b02000 	C:\WINDOWS\System32\KERNEL32.DLL
0x00007ff9e1820000 - 0x00007ff9e1ac5000 	C:\WINDOWS\System32\KERNELBASE.dll
0x00007ff9e2b60000 - 0x00007ff9e2c03000 	C:\WINDOWS\System32\ADVAPI32.dll
0x00007ff9e3080000 - 0x00007ff9e311e000 	C:\WINDOWS\System32\msvcrt.dll
0x00007ff9e27d0000 - 0x00007ff9e2867000 	C:\WINDOWS\System32\sechost.dll
0x00007ff9e28a0000 - 0x00007ff9e29bf000 	C:\WINDOWS\System32\RPCRT4.dll
0x00007ff9e3510000 - 0x00007ff9e36a4000 	C:\WINDOWS\System32\USER32.dll
0x00007ff9e17f0000 - 0x00007ff9e1811000 	C:\WINDOWS\System32\win32u.dll
0x00007ff9e3cf0000 - 0x00007ff9e3d16000 	C:\WINDOWS\System32\GDI32.dll
0x00007ff9e1d10000 - 0x00007ff9e1ea8000 	C:\WINDOWS\System32\gdi32full.dll
0x00007ff9e1c70000 - 0x00007ff9e1d0e000 	C:\WINDOWS\System32\msvcp_win.dll
0x00007ff9e1b70000 - 0x00007ff9e1c6a000 	C:\WINDOWS\System32\ucrtbase.dll
0x00007ff9ca3a0000 - 0x00007ff9ca624000 	C:\WINDOWS\WinSxS\amd64_microsoft.windows.common-controls_6595b64144ccf1df_6.0.18362.1500_none_9e79be6de462295c\COMCTL32.dll
0x00007ff9e3710000 - 0x00007ff9e3a46000 	C:\WINDOWS\System32\combase.dll
0x00007ff9e1eb0000 - 0x00007ff9e1f31000 	C:\WINDOWS\System32\bcryptPrimitives.dll
0x00007ff9e45e0000 - 0x00007ff9e460e000 	C:\WINDOWS\System32\IMM32.DLL
0x0000000068f40000 - 0x0000000069012000 	C:\Program Files\Android\Android Studio\jre\jre\bin\msvcr100.dll
0x0000000069100000 - 0x000000006994b000 	C:\Program Files\Android\Android Studio\jre\jre\bin\server\jvm.dll
0x00007ff9e3e80000 - 0x00007ff9e3e88000 	C:\WINDOWS\System32\PSAPI.DLL
0x00007ff9ca7b0000 - 0x00007ff9ca7b9000 	C:\WINDOWS\SYSTEM32\WSOCK32.dll
0x00007ff9db850000 - 0x00007ff9db85a000 	C:\WINDOWS\SYSTEM32\VERSION.dll
0x00007ff9cd5c0000 - 0x00007ff9cd5e4000 	C:\WINDOWS\SYSTEM32\WINMM.dll
0x00007ff9e2a70000 - 0x00007ff9e2adf000 	C:\WINDOWS\System32\WS2_32.dll
0x00007ff9ce580000 - 0x00007ff9ce5ad000 	C:\WINDOWS\SYSTEM32\winmmbase.dll
0x00007ff9e1b20000 - 0x00007ff9e1b6a000 	C:\WINDOWS\System32\cfgmgr32.dll
0x00007ff9dd850000 - 0x00007ff9dd85f000 	C:\Program Files\Android\Android Studio\jre\jre\bin\verify.dll
0x00007ff9c7c10000 - 0x00007ff9c7c39000 	C:\Program Files\Android\Android Studio\jre\jre\bin\java.dll
0x00007ff9d0350000 - 0x00007ff9d0366000 	C:\Program Files\Android\Android Studio\jre\jre\bin\zip.dll
0x00007ff9e3ef0000 - 0x00007ff9e45d8000 	C:\WINDOWS\System32\SHELL32.dll
0x00007ff9e29c0000 - 0x00007ff9e2a67000 	C:\WINDOWS\System32\shcore.dll
0x00007ff9e1ff0000 - 0x00007ff9e276b000 	C:\WINDOWS\System32\windows.storage.dll
0x00007ff9e1670000 - 0x00007ff9e168e000 	C:\WINDOWS\System32\profapi.dll
0x00007ff9e15e0000 - 0x00007ff9e162a000 	C:\WINDOWS\System32\powrprof.dll
0x00007ff9e15d0000 - 0x00007ff9e15e0000 	C:\WINDOWS\System32\UMPDC.dll
0x00007ff9e3e90000 - 0x00007ff9e3ee2000 	C:\WINDOWS\System32\shlwapi.dll
0x00007ff9e1650000 - 0x00007ff9e1661000 	C:\WINDOWS\System32\kernel.appcore.dll
0x00007ff9e1b00000 - 0x00007ff9e1b17000 	C:\WINDOWS\System32\cryptsp.dll
0x00007ff9cdf20000 - 0x00007ff9cdf3a000 	C:\Program Files\Android\Android Studio\jre\jre\bin\net.dll
0x00007ff9e0d60000 - 0x00007ff9e0dc7000 	C:\WINDOWS\system32\mswsock.dll
0x00007ff9cc020000 - 0x00007ff9cc033000 	C:\Program Files\Android\Android Studio\jre\jre\bin\nio.dll
0x00007ff9c4730000 - 0x00007ff9c4757000 	C:\Users\PoojaMalik\.gradle\native\f6784746aeab05261644944871eae4fe03e0ef1612fff0a4a95f87b438bc6780\windows-amd64\native-platform.dll
0x00007ff9cdc80000 - 0x00007ff9cdc8d000 	C:\Program Files\Android\Android Studio\jre\jre\bin\management.dll
0x00007ff9e0680000 - 0x00007ff9e06b3000 	C:\WINDOWS\system32\rsaenh.dll
0x00007ff9e1ad0000 - 0x00007ff9e1af6000 	C:\WINDOWS\System32\bcrypt.dll
0x00007ff9e14f0000 - 0x00007ff9e1515000 	C:\WINDOWS\SYSTEM32\USERENV.dll
0x00007ff9e0ee0000 - 0x00007ff9e0eec000 	C:\WINDOWS\SYSTEM32\CRYPTBASE.dll
0x00007ff9e0a80000 - 0x00007ff9e0aba000 	C:\WINDOWS\SYSTEM32\IPHLPAPI.DLL
0x00007ff9e2890000 - 0x00007ff9e2898000 	C:\WINDOWS\System32\NSI.dll
0x00007ff9df070000 - 0x00007ff9df086000 	C:\WINDOWS\SYSTEM32\dhcpcsvc6.DLL
0x00007ff9df050000 - 0x00007ff9df06c000 	C:\WINDOWS\SYSTEM32\dhcpcsvc.DLL
0x00007ff9e0ac0000 - 0x00007ff9e0b8b000 	C:\WINDOWS\SYSTEM32\DNSAPI.dll
0x00007ff9dd080000 - 0x00007ff9dd08b000 	C:\WINDOWS\SYSTEM32\WINNSI.DLL
0x00007ff9d06c0000 - 0x00007ff9d06de000 	C:\Users\PoojaMalik\AppData\Local\Temp\native-platform3574465467780580416dir\native-platform.dll
0x0000000066e00000 - 0x0000000066f03000 	C:\Users\PoojaMalik\AppData\Local\Temp\sqlite-3.25.2-6688ad36-d45d-4ec5-8650-06309803d2f5-sqlitejdbc.dll
0x0000000036d10000 - 0x0000000036e13000 	C:\Users\PoojaMalik\AppData\Local\Temp\sqlite-3.25.2-4d813e52-d94b-481a-a246-0d0af4c9622c-sqlitejdbc.dll
0x00000000376d0000 - 0x00000000377d3000 	C:\Users\PoojaMalik\AppData\Local\Temp\sqlite-3.25.2-46a10e80-afc9-42a8-93d1-26bbb0171c2b-sqlitejdbc.dll
0x0000000038fe0000 - 0x00000000390e3000 	C:\Users\PoojaMalik\AppData\Local\Temp\sqlite-3.25.2-64727f5c-fff1-4a96-9a75-a62ef3396fac-sqlitejdbc.dll
0x000000003b500000 - 0x000000003b603000 	C:\Users\PoojaMalik\AppData\Local\Temp\sqlite-3.25.2-e61fc242-7357-4bb3-af79-c9d7a2d88b00-sqlitejdbc.dll
0x000000003d330000 - 0x000000003d433000 	C:\Users\PoojaMalik\AppData\Local\Temp\sqlite-3.25.2-a97fef08-cbcd-41db-9009-ad10c8c1dc63-sqlitejdbc.dll
0x000000003e350000 - 0x000000003e453000 	C:\Users\PoojaMalik\AppData\Local\Temp\sqlite-3.25.2-5f0e9403-65a0-4368-bce8-3ef7db1efdfc-sqlitejdbc.dll
0x000000003e660000 - 0x000000003e763000 	C:\Users\PoojaMalik\AppData\Local\Temp\sqlite-3.25.2-7ddfd305-8c1b-4982-8df9-e2207b991407-sqlitejdbc.dll
0x000000003fbf0000 - 0x000000003fcf3000 	C:\Users\PoojaMalik\AppData\Local\Temp\sqlite-3.25.2-a4fdc55e-60e7-4f28-afd4-9a27e0b481e3-sqlitejdbc.dll
0x0000000040a00000 - 0x0000000040b03000 	C:\Users\PoojaMalik\AppData\Local\Temp\sqlite-3.25.2-c370cf58-b787-4875-bd6c-33f4561e6eb6-sqlitejdbc.dll
0x0000000041710000 - 0x0000000041813000 	C:\Users\PoojaMalik\AppData\Local\Temp\sqlite-3.25.2-925e8a1c-13eb-443e-adbd-2370fcaef03a-sqlitejdbc.dll
0x0000000041820000 - 0x0000000041923000 	C:\Users\PoojaMalik\AppData\Local\Temp\sqlite-3.25.2-d1258341-22fa-4495-99a6-49d67bbffd62-sqlitejdbc.dll
0x00000000433c0000 - 0x00000000434c3000 	C:\Users\PoojaMalik\AppData\Local\Temp\sqlite-3.25.2-40c717b2-9300-4bae-b6df-72dd9eaeece4-sqlitejdbc.dll
0x00000000447d0000 - 0x00000000448d3000 	C:\Users\PoojaMalik\AppData\Local\Temp\sqlite-3.25.2-0cdea3e1-4678-41d9-acf5-ad00a1795166-sqlitejdbc.dll
0x000000003d640000 - 0x000000003d743000 	C:\Users\PoojaMalik\AppData\Local\Temp\sqlite-3.25.2-adf89219-864d-4704-be22-49f6ddff3adf-sqlitejdbc.dll
0x00000000452e0000 - 0x00000000453e3000 	C:\Users\PoojaMalik\AppData\Local\Temp\sqlite-3.25.2-d15b21f6-e386-4a3c-8c7e-21cbd9b04022-sqlitejdbc.dll
0x00007ff9dfc30000 - 0x00007ff9dfe24000 	C:\WINDOWS\SYSTEM32\dbghelp.dll

VM Arguments:
jvm_args: -Xmx2048m -Dfile.encoding=UTF-8 -Duser.country=IN -Duser.language=en -Duser.variant 
java_command: org.gradle.launcher.daemon.bootstrap.GradleDaemon 6.5
java_class_path (initial): C:\Users\PoojaMalik\.gradle\wrapper\dists\gradle-6.5-all\2oz4ud9k3tuxjg84bbf55q0tn\gradle-6.5\lib\gradle-launcher-6.5.jar
Launcher Type: SUN_STANDARD

Environment Variables:
JAVA_HOME=C:\Program Files\Java\jdk1.8.0_261
PATH=C:\Program Files (x86)\Common Files\Oracle\Java\javapath;C:\WINDOWS\system32;C:\WINDOWS;C:\WINDOWS\System32\Wbem;C:\WINDOWS\System32\WindowsPowerShell\v1.0\;C:\WINDOWS\System32\OpenSSH\;C:\Program Files\Intel\WiFi\bin\;C:\Program Files\Common Files\Intel\WirelessCommon\;C:\Program Files\Java\jdk1.8.0_261\bin;C:\mayank.tyagi\softwares\apache-maven-3.6.3\bin;C:\Program Files\nodejs\;C:\Program Files\PuTTY\;C:\Program Files\Docker\Docker\resources\bin;C:\ProgramData\DockerDesktop\version-bin;C:\Program Files\Git\cmd;C:\Users\PoojaMalik\AppData\Local\Microsoft\WindowsApps;
USERNAME=PoojaMalik
OS=Windows_NT
PROCESSOR_IDENTIFIER=Intel64 Family 6 Model 142 Stepping 11, GenuineIntel



---------------  S Y S T E M  ---------------

OS: Windows 10.0 , 64 bit Build 18362 (10.0.18362.1500)

CPU:total 8 (initial active 8) (4 cores per cpu, 2 threads per core) family 6 model 142 stepping 11, cmov, cx8, fxsr, mmx, sse, sse2, sse3, ssse3, sse4.1, sse4.2, popcnt, avx, avx2, aes, clmul, erms, 3dnowpref, lzcnt, ht, tsc, tscinvbit, bmi1, bmi2, adx

Memory: 4k page, physical 16655028k(5049600k free), swap 19931828k(3859388k free)

vm_info: OpenJDK 64-Bit Server VM (25.242-b01) for windows-amd64 JRE (1.8.0_242-release-1644-b01), built by "builder" with MS VC++ 10.0 (VS2010)

time: Mon Apr 26 18:53:03 2021
timezone: India Standard Time
elapsed time: 29905 seconds (0d 8h 18m 25s)

